Unable to capture context for thread 10908 in process 9972, can not generate back trace
Exception at PC 0x00007FFE1FA1BB93
Printing stacktrace...

Unable to capture context for thread 10908 in process 9972, can not generate back trace
Exception at PC 0x00007FFE9845A388
Exception at PC 0x00007FFE9845A388
Exception at PC 0x00007FFE9845A388
Exception at PC 0x00007FFE9845A388
Exception at PC 0x00007FFE9845A388
Exception at PC 0x00007FFE9845A388
Exception at PC 0x00007FFE9845A388
Exception at PC 0x00007FFE9845A388
Exception at PC 0x00007FFE9845A388
Exception at PC 0x00007FFE9845A388
Exception at PC 0x00007FFE9845A388
Exception at PC 0x00007FFE9845A388
Exception at PC 0x00007FFE9845A388
Exception at PC 0x00007FFE9845A388
Exception at PC 0x00007FFE9845A388
Exception at PC 0x00007FFE9845A388
Exception at PC 0x00007FFE9845A388
[0]  [0x00007FFE1FA1BB93]
[1]  [0x00007FFE1FA1BB93]
[2]  [0x00007FFE1FA1B4A1]
[3]  [0x00007FFE1FA1B3EF]
[4]  [0x00007FFE1FA019FE]
[5]  [0x00007FFE1FA00ED1]
[6]  [0x00007FFE1FA00D76]
[7]  [0x00007FFE1F9A79F6]
[8]  [0x00007FFE1F997AFB]
[9]  [0x00007FFE1FABE90A]
[10]  [0x00007FFE1FAD9F87]
[11]  [0x00007FFE1FADA05F]
[12] (BaseThreadInitThunk+0x14) [0x00007FFE98CE4034]
[13] (RtlUserThreadStart+0x21) [0x00007FFE9B453691]
Done
